<?xml version="1.0" encoding="UTF-8"?>
<testng-results skipped="0" failed="0" total="1" passed="1">
  <reporter-output>
  </reporter-output>
  <suite name="Default suite" duration-ms="10111" started-at="2015-02-16T02:32:59Z" finished-at="2015-02-16T02:33:09Z">
    <groups>
    </groups>
    <test name="Default test" duration-ms="10111" started-at="2015-02-16T02:32:59Z" finished-at="2015-02-16T02:33:09Z">
      <class name="com.heatClinic.framework.test.NavigationTest">
        <test-method status="PASS" signature="brforeClass()[pri:0, instance:com.heatClinic.framework.test.NavigationTest@51bf2e9a]" name="brforeClass" is-config="true" duration-ms="8" started-at="2015-02-15T21:32:59Z" finished-at="2015-02-15T21:32:59Z">
          <reporter-output>
          </reporter-output>
        </test-method> <!-- brforeClass -->
        <test-method status="PASS" signature="beforeMethod()[pri:0, instance:com.heatClinic.framework.test.NavigationTest@51bf2e9a]" name="beforeMethod" is-config="true" duration-ms="7563" started-at="2015-02-15T21:32:59Z" finished-at="2015-02-15T21:33:06Z">
          <reporter-output>
          </reporter-output>
        </test-method> <!-- beforeMethod -->
        <test-method status="PASS" signature="verifyAllTheLinksInNavBar()[pri:0, instance:com.heatClinic.framework.test.NavigationTest@51bf2e9a]" name="verifyAllTheLinksInNavBar" duration-ms="2429" started-at="2015-02-15T21:33:06Z" finished-at="2015-02-15T21:33:09Z">
          <reporter-output>
          </reporter-output>
        </test-method> <!-- verifyAllTheLinksInNavBar -->
        <test-method status="PASS" signature="afterMethod()[pri:0, instance:com.heatClinic.framework.test.NavigationTest@51bf2e9a]" name="afterMethod" is-config="true" duration-ms="95" started-at="2015-02-15T21:33:09Z" finished-at="2015-02-15T21:33:09Z">
          <reporter-output>
          </reporter-output>
        </test-method> <!-- afterMethod -->
        <test-method status="PASS" signature="afterClass()[pri:0, instance:com.heatClinic.framework.test.NavigationTest@51bf2e9a]" name="afterClass" is-config="true" duration-ms="0" started-at="2015-02-15T21:33:09Z" finished-at="2015-02-15T21:33:09Z">
          <reporter-output>
          </reporter-output>
        </test-method> <!-- afterClass -->
      </class> <!-- com.heatClinic.framework.test.NavigationTest -->
    </test> <!-- Default test -->
  </suite> <!-- Default suite -->
</testng-results>
