<?xml version="1.0" encoding="UTF-8"?>
<testng-results skipped="0" failed="0" total="1" passed="1">
  <reporter-output>
  </reporter-output>
  <suite name="Default suite" duration-ms="9731" started-at="2015-02-24T02:52:12Z" finished-at="2015-02-24T02:52:22Z">
    <groups>
    </groups>
    <test name="Default test" duration-ms="9731" started-at="2015-02-24T02:52:12Z" finished-at="2015-02-24T02:52:22Z">
      <class name="com.broadLeaf.framework.test.SmokeTest">
        <test-method status="PASS" signature="beforeClss()[pri:0, instance:com.broadLeaf.framework.test.SmokeTest@2670d85b]" name="beforeClss" is-config="true" duration-ms="8" started-at="2015-02-23T21:52:12Z" finished-at="2015-02-23T21:52:12Z">
          <reporter-output>
          </reporter-output>
        </test-method> <!-- beforeClss -->
        <test-method status="PASS" signature="beforeMethod()[pri:0, instance:com.broadLeaf.framework.test.SmokeTest@2670d85b]" name="beforeMethod" is-config="true" duration-ms="7295" started-at="2015-02-23T21:52:12Z" finished-at="2015-02-23T21:52:19Z">
          <reporter-output>
          </reporter-output>
        </test-method> <!-- beforeMethod -->
        <test-method status="PASS" signature="myFirstTest()[pri:0, instance:com.broadLeaf.framework.test.SmokeTest@2670d85b]" name="myFirstTest" duration-ms="2223" started-at="2015-02-23T21:52:19Z" finished-at="2015-02-23T21:52:22Z">
          <reporter-output>
          </reporter-output>
        </test-method> <!-- myFirstTest -->
        <test-method status="PASS" signature="afterMethod()[pri:0, instance:com.broadLeaf.framework.test.SmokeTest@2670d85b]" name="afterMethod" is-config="true" duration-ms="193" started-at="2015-02-23T21:52:22Z" finished-at="2015-02-23T21:52:22Z">
          <reporter-output>
          </reporter-output>
        </test-method> <!-- afterMethod -->
        <test-method status="PASS" signature="afterClass()[pri:0, instance:com.broadLeaf.framework.test.SmokeTest@2670d85b]" name="afterClass" is-config="true" duration-ms="1" started-at="2015-02-23T21:52:22Z" finished-at="2015-02-23T21:52:22Z">
          <reporter-output>
          </reporter-output>
        </test-method> <!-- afterClass -->
      </class> <!-- com.broadLeaf.framework.test.SmokeTest -->
    </test> <!-- Default test -->
  </suite> <!-- Default suite -->
</testng-results>
