<?xml version="1.0" encoding="UTF-8"?>
<testng-results skipped="0" failed="0" total="1" passed="1">
  <reporter-output>
  </reporter-output>
  <suite name="Default suite" duration-ms="12667" started-at="2015-03-02T02:14:01Z" finished-at="2015-03-02T02:14:13Z">
    <groups>
    </groups>
    <test name="Default test" duration-ms="12667" started-at="2015-03-02T02:14:01Z" finished-at="2015-03-02T02:14:13Z">
      <class name="com.broadLeaf.framework.test.RegistrationTest">
        <test-method status="PASS" signature="beforeClss()[pri:0, instance:com.broadLeaf.framework.test.RegistrationTest@3a7109eb]" name="beforeClss" is-config="true" duration-ms="8" started-at="2015-03-01T21:14:01Z" finished-at="2015-03-01T21:14:01Z">
          <reporter-output>
          </reporter-output>
        </test-method> <!-- beforeClss -->
        <test-method status="PASS" signature="beforeMethod()[pri:0, instance:com.broadLeaf.framework.test.RegistrationTest@3a7109eb]" name="beforeMethod" is-config="true" duration-ms="6639" started-at="2015-03-01T21:14:01Z" finished-at="2015-03-01T21:14:07Z">
          <reporter-output>
          </reporter-output>
        </test-method> <!-- beforeMethod -->
        <test-method status="PASS" signature="verifyThatUserCanSetEmailAddress()[pri:0, instance:com.broadLeaf.framework.test.RegistrationTest@3a7109eb]" name="verifyThatUserCanSetEmailAddress" duration-ms="5907" started-at="2015-03-01T21:14:07Z" finished-at="2015-03-01T21:14:13Z">
          <reporter-output>
          </reporter-output>
        </test-method> <!-- verifyThatUserCanSetEmailAddress -->
        <test-method status="PASS" signature="afterMethod()[pri:0, instance:com.broadLeaf.framework.test.RegistrationTest@3a7109eb]" name="afterMethod" is-config="true" duration-ms="93" started-at="2015-03-01T21:14:13Z" finished-at="2015-03-01T21:14:13Z">
          <reporter-output>
          </reporter-output>
        </test-method> <!-- afterMethod -->
        <test-method status="PASS" signature="afterClass()[pri:0, instance:com.broadLeaf.framework.test.RegistrationTest@3a7109eb]" name="afterClass" is-config="true" duration-ms="0" started-at="2015-03-01T21:14:13Z" finished-at="2015-03-01T21:14:13Z">
          <reporter-output>
          </reporter-output>
        </test-method> <!-- afterClass -->
      </class> <!-- com.broadLeaf.framework.test.RegistrationTest -->
    </test> <!-- Default test -->
  </suite> <!-- Default suite -->
</testng-results>
