<?xml version="1.0" encoding="UTF-8"?>
<testng-results skipped="0" failed="1" total="1" passed="0">
  <reporter-output>
  </reporter-output>
  <suite name="Default suite" duration-ms="14233" started-at="2015-05-16T23:42:09Z" finished-at="2015-05-16T23:42:24Z">
    <groups>
    </groups>
    <test name="Default test" duration-ms="14233" started-at="2015-05-16T23:42:09Z" finished-at="2015-05-16T23:42:24Z">
      <class name="com.aber.framework.test.ClearenceTest">
        <test-method status="PASS" signature="beforeClss()[pri:0, instance:com.aber.framework.test.ClearenceTest@2da8b2de]" name="beforeClss" is-config="true" duration-ms="10" started-at="2015-05-16T19:42:09Z" finished-at="2015-05-16T19:42:09Z">
          <reporter-output>
          </reporter-output>
        </test-method> <!-- beforeClss -->
        <test-method status="PASS" signature="beforeMethod()[pri:0, instance:com.aber.framework.test.ClearenceTest@2da8b2de]" name="beforeMethod" is-config="true" duration-ms="13813" started-at="2015-05-16T19:42:09Z" finished-at="2015-05-16T19:42:23Z">
          <reporter-output>
          </reporter-output>
        </test-method> <!-- beforeMethod -->
        <test-method status="FAIL" signature="test()[pri:0, instance:com.aber.framework.test.ClearenceTest@2da8b2de]" name="test" duration-ms="8" started-at="2015-05-16T19:42:23Z" finished-at="2015-05-16T19:42:23Z">
          <exception class="java.lang.NullPointerException">
            <full-stacktrace>
              <![CDATA[java.lang.NullPointerException
	at com.aber.framework.controller.ClearenceController.actont3(ClearenceController.java:25)
	at com.aber.framework.test.ClearenceTest.test(ClearenceTest.java:18)
	at sun.reflect.NativeMethodAccessorImpl.invoke0(Native Method)
	at sun.reflect.NativeMethodAccessorImpl.invoke(NativeMethodAccessorImpl.java:57)
	at sun.reflect.DelegatingMethodAccessorImpl.invoke(DelegatingMethodAccessorImpl.java:43)
	at java.lang.reflect.Method.invoke(Method.java:606)
	at org.testng.internal.MethodInvocationHelper.invokeMethod(MethodInvocationHelper.java:84)
	at org.testng.internal.Invoker.invokeMethod(Invoker.java:714)
	at org.testng.internal.Invoker.invokeTestMethod(Invoker.java:901)
	at org.testng.internal.Invoker.invokeTestMethods(Invoker.java:1231)
	at org.testng.internal.TestMethodWorker.invokeTestMethods(TestMethodWorker.java:127)
	at org.testng.internal.TestMethodWorker.run(TestMethodWorker.java:111)
	at org.testng.TestRunner.privateRun(TestRunner.java:767)
	at org.testng.TestRunner.run(TestRunner.java:617)
	at org.testng.SuiteRunner.runTest(SuiteRunner.java:334)
	at org.testng.SuiteRunner.runSequentially(SuiteRunner.java:329)
	at org.testng.SuiteRunner.privateRun(SuiteRunner.java:291)
	at org.testng.SuiteRunner.run(SuiteRunner.java:240)
	at org.testng.SuiteRunnerWorker.runSuite(SuiteRunnerWorker.java:52)
	at org.testng.SuiteRunnerWorker.run(SuiteRunnerWorker.java:86)
	at org.testng.TestNG.runSuitesSequentially(TestNG.java:1224)
	at org.testng.TestNG.runSuitesLocally(TestNG.java:1149)
	at org.testng.TestNG.run(TestNG.java:1057)
	at org.testng.remote.RemoteTestNG.run(RemoteTestNG.java:111)
	at org.testng.remote.RemoteTestNG.initAndRun(RemoteTestNG.java:204)
	at org.testng.remote.RemoteTestNG.main(RemoteTestNG.java:175)
]]>
            </full-stacktrace>
          </exception> <!-- java.lang.NullPointerException -->
          <reporter-output>
          </reporter-output>
        </test-method> <!-- test -->
        <test-method status="PASS" signature="afterMethod()[pri:0, instance:com.aber.framework.test.ClearenceTest@2da8b2de]" name="afterMethod" is-config="true" duration-ms="384" started-at="2015-05-16T19:42:23Z" finished-at="2015-05-16T19:42:24Z">
          <reporter-output>
          </reporter-output>
        </test-method> <!-- afterMethod -->
        <test-method status="PASS" signature="afterClass()[pri:0, instance:com.aber.framework.test.ClearenceTest@2da8b2de]" name="afterClass" is-config="true" duration-ms="0" started-at="2015-05-16T19:42:24Z" finished-at="2015-05-16T19:42:24Z">
          <reporter-output>
          </reporter-output>
        </test-method> <!-- afterClass -->
      </class> <!-- com.aber.framework.test.ClearenceTest -->
    </test> <!-- Default test -->
  </suite> <!-- Default suite -->
</testng-results>
